<?xml version="1.0" encoding="UTF-8"?>
<!-- Generated by org.testng.reporters.JUnitXMLReporter -->
<testsuite ignored="0" hostname="AkshayKumbhar" failures="0" tests="2" name="Default test" time="0.182" errors="0" timestamp="2022-10-27T17:42:26 IST">
  <testcase classname="testpackage.TestNg" name="@BeforeTest launchbrowser" time="-1.666872746539E9">
    <failure type="org.testng.TestNGException" message="
Parameter &amp;apos;browser&amp;apos; is required by BeforeTest on method launchbrowser but has not been marked @Optional or defined
in C:\Users\Akshay Kumbhar\AppData\Local\Temp\testng-eclipse--1176847653\testng-customsuite.xml">
      <![CDATA[org.testng.TestNGException: 
Parameter 'browser' is required by BeforeTest on method launchbrowser but has not been marked @Optional or defined
in C:\Users\Akshay Kumbhar\AppData\Local\Temp\testng-eclipse--1176847653\testng-customsuite.xml
at org.testng.internal.Parameters.createParams(Parameters.java:270)
at org.testng.internal.Parameters.createParametersForMethod(Parameters.java:358)
at org.testng.internal.Parameters.createParameters(Parameters.java:700)
at org.testng.internal.Parameters.createConfigurationParameters(Parameters.java:168)
at org.testng.internal.ConfigInvoker.invokeConfigurations(ConfigInvoker.java:302)
at org.testng.TestRunner.invokeTestConfigurations(TestRunner.java:637)
at org.testng.TestRunner.beforeRun(TestRunner.java:627)
at org.testng.TestRunner.run(TestRunner.java:589)
at org.testng.SuiteRunner.runTest(SuiteRunner.java:377)
at org.testng.SuiteRunner.runSequentially(SuiteRunner.java:371)
at org.testng.SuiteRunner.privateRun(SuiteRunner.java:332)
at org.testng.SuiteRunner.run(SuiteRunner.java:276)
at org.testng.SuiteRunnerWorker.runSuite(SuiteRunnerWorker.java:53)
at org.testng.SuiteRunnerWorker.run(SuiteRunnerWorker.java:96)
at org.testng.TestNG.runSuitesSequentially(TestNG.java:1212)
at org.testng.TestNG.runSuitesLocally(TestNG.java:1134)
at org.testng.TestNG.runSuites(TestNG.java:1063)
at org.testng.TestNG.run(TestNG.java:1031)
at org.testng.remote.AbstractRemoteTestNG.run(AbstractRemoteTestNG.java:115)
at org.testng.remote.RemoteTestNG.initAndRun(RemoteTestNG.java:251)
at org.testng.remote.RemoteTestNG.main(RemoteTestNG.java:77)
]]>
    </failure>
  </testcase> <!-- @BeforeTest launchbrowser -->
  <testcase classname="testpackage.TestNg" name="@BeforeClass createPOMobject" time="-1.666872746607E9">
    <skipped/>
  </testcase> <!-- @BeforeClass createPOMobject -->
  <testcase classname="testpackage.TestNg" name="@BeforeMethod gotoRoomsPage" time="-1.666872746646E9">
    <skipped/>
  </testcase> <!-- @BeforeMethod gotoRoomsPage -->
  <testcase classname="testpackage.TestNg" name="@AfterMethod status" time="-1.666872746665E9">
    <skipped/>
  </testcase> <!-- @AfterMethod status -->
  <testcase classname="testpackage.TestNg" name="@BeforeMethod gotoRoomsPage" time="-1.66687274667E9">
    <skipped/>
  </testcase> <!-- @BeforeMethod gotoRoomsPage -->
  <testcase classname="testpackage.TestNg" name="@AfterMethod status" time="-1.666872746681E9">
    <skipped/>
  </testcase> <!-- @AfterMethod status -->
  <testcase classname="testpackage.TestNg" name="@AfterClass removeobjects" time="-1.666872746686E9">
    <skipped/>
  </testcase> <!-- @AfterClass removeobjects -->
  <testcase classname="testpackage.TestNg" name="@AfterTest closebrowser" time="-1.666872746695E9">
    <skipped/>
  </testcase> <!-- @AfterTest closebrowser -->
  <testcase classname="testpackage.TestNg" name="returntomessenger" time="0.0">
    <skipped/>
  </testcase> <!-- returntomessenger -->
  <testcase classname="testpackage.TestNg" name="visittohelpcenter" time="0.0">
    <skipped/>
  </testcase> <!-- visittohelpcenter -->
</testsuite> <!-- Default test -->
